Removed Pin From Net: NetName=NetC4_4 Pin=U1-0-RX
Removed Pin From Net: NetName=NetC4_1 Pin=U1-1-TX
Change Component Designator: OldDesignator=R4 NewDesignator=R6
Change Component Designator: OldDesignator=R5 NewDesignator=R7
Change Component Designator: OldDesignator=R6 NewDesignator=R8
Change Component Designator: OldDesignator=R7 NewDesignator=R9
Change Component Designator: OldDesignator=R8 NewDesignator=R10
Change Component Designator: OldDesignator=R9 NewDesignator=R11
Change Component Designator: OldDesignator=R10 NewDesignator=R12
Added Component: Designator=R4(RES-1/4W)
Add component. Clean all parameters for all variants
Added Component: Designator=R5(RES-1/4W)
Add component. Clean all parameters for all variants
Added Pin To Net: NetName=NetC4_1 Pin=R4-1
Added Pin To Net: NetName=NetC4_4 Pin=R5-1
Added Pin To Net: NetName=NetR4_2 Pin=R4-2
Added Pin To Net: NetName=NetR4_2 Pin=U1-1-TX
Added Net: Name=NetR4_2
Added Pin To Net: NetName=NetR5_2 Pin=R5-2
Added Pin To Net: NetName=NetR5_2 Pin=U1-0-RX
Added Net: Name=NetR5_2
Added Member To Class: ClassName=SIM808_SmartLock Member=Component R11 1k
Added Member To Class: ClassName=SIM808_SmartLock Member=Component R12 1k
Added Room: Name=SIM808_SmartLock
